<?xml version="1.0" encoding="UTF-8"?>
<!-- Generated by org.testng.reporters.JUnitXMLReporter -->
<testsuite hostname="water7878778-All-Series" failures="0" tests="3" name="Surefire test" time="10.206" errors="0" timestamp="29 Apr 2020 06:50:35 GMT">
  <testcase classname="payment.ContractVerifierTest" name="validate_payment on validate_payment(payment.ContractVerifierTest)" time="0.339"/>
  <testcase classname="payment.PaymentTest" name="testIndex on testIndex(payment.PaymentTest)" time="0.004"/>
  <testcase classname="payment.PaymentTest" name="testPayment on testPayment(payment.PaymentTest)" time="0.003"/>
</testsuite> <!-- Surefire test -->
