<?xml version="1.0" encoding="UTF-8"?>
<!-- Generated by org.testng.reporters.JUnitXMLReporter -->
<testsuite hostname="water7878778-All-Series" failures="0" tests="3" name="Surefire test" time="12.754" errors="0" timestamp="29 Apr 2020 06:51:12 GMT">
  <testcase classname="payment.ContractVerifierTest" name="validate_payment on validate_payment(payment.ContractVerifierTest)" time="0.368"/>
  <testcase classname="payment.PaymentTest" name="testIndex on testIndex(payment.PaymentTest)" time="0.005"/>
  <testcase classname="payment.PaymentTest" name="testPayment on testPayment(payment.PaymentTest)" time="0.004"/>
</testsuite> <!-- Surefire test -->
