<?xml version="1.0" encoding="UTF-8"?>
<testng-results total="3" passed="3" failed="0" skipped="0">
  <reporter-output>
  </reporter-output>
  <suite started-at="2020-04-29T06:50:25Z" name="Surefire suite" finished-at="2020-04-29T06:50:35Z" duration-ms="10206">
    <groups>
    </groups>
    <test started-at="2020-04-29T06:50:25Z" name="Surefire test" finished-at="2020-04-29T06:50:35Z" duration-ms="10206">
      <class name="payment.ContractVerifierTest">
        <test-method signature="validate_payment()[pri:0, instance:validate_payment(payment.ContractVerifierTest)]" started-at="2020-04-29T14:50:32Z" name="validate_payment" finished-at="2020-04-29T14:50:32Z" duration-ms="339" status="PASS">
          <reporter-output>
          </reporter-output>
        </test-method> <!-- validate_payment -->
      </class> <!-- payment.ContractVerifierTest -->
      <class name="payment.PaymentTest">
        <test-method signature="testIndex()[pri:0, instance:testIndex(payment.PaymentTest)]" started-at="2020-04-29T14:50:35Z" name="testIndex" finished-at="2020-04-29T14:50:35Z" duration-ms="4" status="PASS">
          <reporter-output>
          </reporter-output>
        </test-method> <!-- testIndex -->
        <test-method signature="testPayment()[pri:0, instance:testPayment(payment.PaymentTest)]" started-at="2020-04-29T14:50:35Z" name="testPayment" finished-at="2020-04-29T14:50:35Z" duration-ms="3" status="PASS">
          <reporter-output>
          </reporter-output>
        </test-method> <!-- testPayment -->
      </class> <!-- payment.PaymentTest -->
    </test> <!-- Surefire test -->
  </suite> <!-- Surefire suite -->
</testng-results>
